2026-03-31 02:09:17,054 - setup_db - INFO - Connecting to MySQL at localhost with user root...
2026-03-31 02:09:17,121 - setup_db - ERROR - MySQL Error: 1045 (28000): Access denied for user 'root'@'localhost' (using password: YES)
2026-03-31 02:09:49,961 - webapp - INFO - Starting Flask web dashboard server...
2026-03-31 02:09:52,225 - webapp - INFO - Starting Flask web dashboard server...
2026-03-31 02:11:22,354 - webapp - WARNING - Failed login attempt for user 'rushi_180_' from 127.0.0.1
2026-03-31 02:11:43,697 - setup_db - INFO - Connecting to MySQL at localhost with user root...
2026-03-31 02:11:43,777 - setup_db - INFO - Database demo_company created or already exists.
2026-03-31 02:11:43,796 - setup_db - INFO - Table 'users' created.
2026-03-31 02:11:43,822 - setup_db - INFO - Inserted 100 dummy users.
2026-03-31 02:11:43,836 - setup_db - INFO - Table 'backup_metrics' created.
2026-03-31 02:11:43,847 - setup_db - INFO - Inserted 30 days of mocked historical metrics for Anomaly Detection.
2026-03-31 02:11:43,847 - setup_db - INFO - Database Setup Complete.
2026-03-31 02:11:59,470 - webapp - INFO - Starting Flask web dashboard server...
2026-03-31 02:12:01,538 - webapp - INFO - Starting Flask web dashboard server...
2026-03-31 02:12:07,973 - scheduler - INFO - Scheduler started. Waiting for next job execution...
2026-03-31 02:12:52,251 - webapp - WARNING - Failed login attempt for user 'rushi_180_' from 127.0.0.1
2026-03-31 02:13:07,313 - webapp - WARNING - Failed login attempt for user 'root' from 127.0.0.1
2026-03-31 02:15:02,814 - webapp - INFO - Successful login for user 'admin' from 127.0.0.1
2026-03-31 02:15:16,968 - webapp - INFO - Manual anomaly detection requested via API.
2026-03-31 02:15:16,969 - anomaly_detection - INFO - Initializing Anomaly Detection sequence...
2026-03-31 02:15:17,235 - anomaly_detection - WARNING - ANOMALY DETECTED on latest backup! Date: 2026-03-31, Size: 61.284MB, Rows: 5833
2026-03-31 02:15:19,028 - alert_system - ERROR - Failed to send alert email. Make sure App Passwords are used. Error: (535, b'5.7.8 Username and Password not accepted. For more information, go to\n5.7.8  https://support.google.com/mail/?p=BadCredentials d2e1a72fcca58-82ca8465785sm10316608b3a.18 - gsmtp')
2026-03-31 02:15:31,573 - webapp - INFO - Manual backup requested via API.
2026-03-31 02:15:31,573 - backup_manager - INFO - --- Automated Backup Process Initiated ---
2026-03-31 02:15:31,573 - backup_manager - INFO - Starting database dump for demo_company...
2026-03-31 02:15:31,576 - backup_manager - ERROR - 'mysqldump' command not found. Ensure MySQL Server is installed and added to PATH.
2026-03-31 02:15:33,445 - alert_system - ERROR - Failed to send alert email. Make sure App Passwords are used. Error: (535, b'5.7.8 Username and Password not accepted. For more information, go to\n5.7.8  https://support.google.com/mail/?p=BadCredentials 98e67ed59e1d1-35d9507dc3bsm8066143a91.9 - gsmtp')
2026-03-31 02:20:16,329 - webapp - INFO - Manual anomaly detection requested via API.
2026-03-31 02:20:16,329 - anomaly_detection - INFO - Initializing Anomaly Detection sequence...
2026-03-31 02:20:16,418 - anomaly_detection - WARNING - ANOMALY DETECTED on latest backup! Date: 2026-03-31, Size: 61.284MB, Rows: 5833
2026-03-31 02:20:18,325 - alert_system - ERROR - Failed to send alert email. Make sure App Passwords are used. Error: (535, b'5.7.8 Username and Password not accepted. For more information, go to\n5.7.8  https://support.google.com/mail/?p=BadCredentials d9443c01a7336-2b24278501esm93344105ad.58 - gsmtp')
2026-03-31 02:20:38,766 - webapp - WARNING - Failed login attempt for user 'rushi_180_' from 127.0.0.1
2026-03-31 02:24:01,903 - webapp - INFO - Starting Flask web dashboard server...
2026-03-31 02:24:17,545 - webapp - INFO - Starting Flask web dashboard server...
2026-03-31 02:24:36,078 - webapp - INFO - Starting Flask web dashboard server...
2026-03-31 02:24:57,144 - webapp - INFO - Starting Flask web dashboard server...
2026-03-31 02:25:14,420 - data_classifier - INFO - Training ML Data Classification Model (Tfidf + Naive Bayes)...
2026-03-31 02:25:14,425 - data_classifier - INFO - ML Data Classification Model ready.
2026-03-31 02:25:14,430 - webapp - INFO - Starting Flask web dashboard server...
2026-03-31 02:26:12,193 - setup_db - INFO - Connecting to MySQL at localhost with user root...
2026-03-31 02:26:12,239 - setup_db - INFO - Database demo_company created or already exists.
2026-03-31 02:26:12,240 - setup_db - INFO - Table 'users' created.
2026-03-31 02:26:12,242 - setup_db - INFO - Table 'backup_metrics' created.
2026-03-31 02:26:12,256 - setup_db - INFO - Table 'uploaded_data' created.
2026-03-31 02:26:12,257 - setup_db - INFO - Database Setup Complete.
2026-03-31 02:29:58,085 - data_classifier - INFO - Training ML Data Classification Model (Tfidf + Naive Bayes)...
2026-03-31 02:29:58,088 - data_classifier - INFO - ML Data Classification Model ready.
2026-03-31 02:29:58,092 - webapp - INFO - Starting Flask web dashboard server...
2026-03-31 02:30:00,156 - data_classifier - INFO - Training ML Data Classification Model (Tfidf + Naive Bayes)...
2026-03-31 02:30:00,159 - data_classifier - INFO - ML Data Classification Model ready.
2026-03-31 02:30:00,163 - webapp - INFO - Starting Flask web dashboard server...
2026-03-31 02:30:20,941 - webapp - INFO - Successful login for user 'admin' from 10.65.21.133
2026-03-31 02:31:21,113 - data_vault - INFO - Link added to vault: https://cloudpath.paruluniversity.ac.in/enroll/ParulUniversity/Production/process
2026-03-31 02:31:30,686 - webapp - INFO - Manual anomaly detection requested via API.
2026-03-31 02:31:30,687 - anomaly_detection - INFO - Initializing Anomaly Detection sequence...
2026-03-31 02:31:30,770 - anomaly_detection - WARNING - ANOMALY DETECTED on latest backup! Date: 2026-03-31, Size: 61.284MB, Rows: 5833
2026-03-31 02:31:32,557 - alert_system - ERROR - Failed to send alert email. Make sure App Passwords are used. Error: (535, b'5.7.8 Username and Password not accepted. For more information, go to\n5.7.8  https://support.google.com/mail/?p=BadCredentials d9443c01a7336-2b242765c7bsm91153295ad.49 - gsmtp')
2026-03-31 02:31:40,626 - webapp - INFO - Manual backup requested via API.
2026-03-31 02:31:40,626 - backup_manager - INFO - --- Automated Backup Process Initiated ---
2026-03-31 02:31:40,626 - backup_manager - INFO - Starting database dump for demo_company...
2026-03-31 02:31:40,631 - backup_manager - ERROR - 'mysqldump' command not found. Ensure MySQL Server is installed and added to PATH.
2026-03-31 02:31:42,365 - alert_system - ERROR - Failed to send alert email. Make sure App Passwords are used. Error: (535, b'5.7.8 Username and Password not accepted. For more information, go to\n5.7.8  https://support.google.com/mail/?p=BadCredentials d9443c01a7336-2b242642864sm103779415ad.12 - gsmtp')
